[2025-07-13 04:32:32] [INFO] [PID:33144] [MEM:2 MB] [ejemplo_uso.php:7]  Sistema de logging inicializado
[2025-07-13 04:36:49] [INFO] [PID:33144] [MEM:2 MB] [ejemplo_uso.php:7]  Sistema de logging inicializado
[2025-07-13 04:37:41] [INFO] [PID:33144] [MEM:2 MB] [ejemplo_uso.php:7]  Sistema de logging inicializado
[2025-07-13 04:49:50] [INFO] [PID:33144] [MEM:80 MB] [ejemplo_uso.php:7]  Sistema de logging inicializado
[2025-07-13 04:57:30] [INFO] [PID:33144] [MEM:120 MB] [ejemplo_uso.php:7]  Sistema de logging inicializado
[2025-07-13 05:06:15] [INFO] [PID:33144] [MEM:140 MB] [ejemplo_uso.php:7]  Sistema de logging inicializado
[2025-07-13 05:15:40] [INFO] [PID:33144] [MEM:150 MB] [ejemplo_uso.php:7]  Sistema de logging inicializado
[2025-07-13 05:26:58] [INFO] [PID:33144] [MEM:154 MB] [ejemplo_uso.php:7]  Sistema de logging inicializado
[2025-07-13 05:31:46] [INFO] [PID:33144] [MEM:156 MB] [ejemplo_uso.php:7]  Sistema de logging inicializado
[2025-07-13 05:40:54] [INFO] [PID:33144] [MEM:158 MB] [ejemplo_uso.php:7]  Sistema de logging inicializado
[2025-07-13 15:02:23] [INFO] [PID:33144] [MEM:2 MB] [ejemplo_uso.php:7]  Sistema de logging inicializado
[2025-07-13 15:19:40] [INFO] [PID:33144] [MEM:80 MB] [ejemplo_uso.php:7]  Sistema de logging inicializado
[2025-07-13 15:23:17] [INFO] [PID:33144] [MEM:120 MB] [ejemplo_uso.php:7]  Sistema de logging inicializado
[2025-07-13 15:25:34] [INFO] [PID:33144] [MEM:140 MB] [ejemplo_uso.php:7]  Sistema de logging inicializado
[2025-07-13 15:29:04] [INFO] [PID:33144] [MEM:74 MB] [ejemplo_uso.php:7]  Sistema de logging inicializado
[2025-07-13 15:30:10] [INFO] [PID:33144] [MEM:2 MB] [ejemplo_uso.php:7]  Sistema de logging inicializado
[2025-07-13 15:32:28] [INFO] [PID:33144] [MEM:42 MB] [ejemplo_uso.php:7]  Sistema de logging inicializado
[2025-07-13 15:36:11] [INFO] [PID:33144] [MEM:6 MB] [ejemplo_uso.php:7]  Sistema de logging inicializado
[2025-07-13 15:36:28] [INFO] [PID:33144] [MEM:26 MB] [ejemplo_uso.php:7]  Sistema de logging inicializado
[2025-07-13 15:41:33] [INFO] [PID:33144] [MEM:8 MB] [ejemplo_uso.php:7]  Sistema de logging inicializado
[2025-07-13 16:22:29] [INFO] [PID:33144] [MEM:18 MB] [ejemplo_uso.php:7]  Sistema de logging inicializado
[2025-07-13 16:31:24] [INFO] [PID:33144] [MEM:8 MB] [ejemplo_uso.php:7]  Sistema de logging inicializado
[2025-07-13 16:53:08] [INFO] [PID:33144] [MEM:14 MB] [ejemplo_uso.php:7]  Sistema de logging inicializado
[2025-07-13 17:27:39] [INFO] [PID:33144] [MEM:2 MB] [api.php:7]  Sistema de logging inicializado
[2025-07-13 17:27:39] [ERROR] [PID:33144] [MEM:2 MB] [logger.php:115] PHP WARNING: Undefined array key "file" in C:\laragon\www\hmngy_bovedav2\php\logger.php:115
[2025-07-13 17:27:39] [ERROR] [PID:33144] [MEM:2 MB] [:] PHP UNKNOWN: basename(): Passing null to parameter #1 ($path) of type string is deprecated in C:\laragon\www\hmngy_bovedav2\php\logger.php:115
[2025-07-13 17:27:39] [ERROR] [PID:33144] [MEM:2 MB] [logger.php:115] PHP WARNING: Undefined array key "line" in C:\laragon\www\hmngy_bovedav2\php\logger.php:115
[2025-07-13 17:27:39] [CRITICAL] [PID:33144] [MEM:2 MB] [:] Excepci贸n no capturada: Call to undefined method Logger::getInstance() | Context: {"file":"C:\\laragon\\www\\hmngy_bovedav2\\php\\api.php","line":26,"trace":"#0 C:\\laragon\\www\\hmngy_bovedav2\\php\\api.php(340): CFDIApi->__construct()\n#1 {main}"}
[2025-07-13 17:27:57] [INFO] [PID:33144] [MEM:8 MB] [api.php:7]  Sistema de logging inicializado
[2025-07-13 17:27:57] [ERROR] [PID:33144] [MEM:8 MB] [logger.php:115] PHP WARNING: Undefined array key "file" in C:\laragon\www\hmngy_bovedav2\php\logger.php:115
[2025-07-13 17:27:57] [ERROR] [PID:33144] [MEM:8 MB] [:] PHP UNKNOWN: basename(): Passing null to parameter #1 ($path) of type string is deprecated in C:\laragon\www\hmngy_bovedav2\php\logger.php:115
[2025-07-13 17:27:57] [ERROR] [PID:33144] [MEM:8 MB] [logger.php:115] PHP WARNING: Undefined array key "line" in C:\laragon\www\hmngy_bovedav2\php\logger.php:115
[2025-07-13 17:27:57] [CRITICAL] [PID:33144] [MEM:8 MB] [:] Excepci贸n no capturada: Call to undefined method Logger::getInstance() | Context: {"file":"C:\\laragon\\www\\hmngy_bovedav2\\php\\api.php","line":26,"trace":"#0 C:\\laragon\\www\\hmngy_bovedav2\\php\\api.php(340): CFDIApi->__construct()\n#1 {main}"}
[2025-07-13 17:28:00] [INFO] [PID:33144] [MEM:4 MB] [api.php:7]  Sistema de logging inicializado
[2025-07-13 17:28:00] [ERROR] [PID:33144] [MEM:4 MB] [logger.php:115] PHP WARNING: Undefined array key "file" in C:\laragon\www\hmngy_bovedav2\php\logger.php:115
[2025-07-13 17:28:00] [ERROR] [PID:33144] [MEM:4 MB] [:] PHP UNKNOWN: basename(): Passing null to parameter #1 ($path) of type string is deprecated in C:\laragon\www\hmngy_bovedav2\php\logger.php:115
[2025-07-13 17:28:00] [ERROR] [PID:33144] [MEM:4 MB] [logger.php:115] PHP WARNING: Undefined array key "line" in C:\laragon\www\hmngy_bovedav2\php\logger.php:115
[2025-07-13 17:28:00] [CRITICAL] [PID:33144] [MEM:4 MB] [:] Excepci贸n no capturada: Call to undefined method Logger::getInstance() | Context: {"file":"C:\\laragon\\www\\hmngy_bovedav2\\php\\api.php","line":26,"trace":"#0 C:\\laragon\\www\\hmngy_bovedav2\\php\\api.php(340): CFDIApi->__construct()\n#1 {main}"}
[2025-07-13 17:28:02] [INFO] [PID:33144] [MEM:4 MB] [api.php:7]  Sistema de logging inicializado
[2025-07-13 17:28:02] [ERROR] [PID:33144] [MEM:4 MB] [logger.php:115] PHP WARNING: Undefined array key "file" in C:\laragon\www\hmngy_bovedav2\php\logger.php:115
[2025-07-13 17:28:02] [ERROR] [PID:33144] [MEM:4 MB] [:] PHP UNKNOWN: basename(): Passing null to parameter #1 ($path) of type string is deprecated in C:\laragon\www\hmngy_bovedav2\php\logger.php:115
[2025-07-13 17:28:02] [ERROR] [PID:33144] [MEM:4 MB] [logger.php:115] PHP WARNING: Undefined array key "line" in C:\laragon\www\hmngy_bovedav2\php\logger.php:115
[2025-07-13 17:28:02] [CRITICAL] [PID:33144] [MEM:4 MB] [:] Excepci贸n no capturada: Call to undefined method Logger::getInstance() | Context: {"file":"C:\\laragon\\www\\hmngy_bovedav2\\php\\api.php","line":26,"trace":"#0 C:\\laragon\\www\\hmngy_bovedav2\\php\\api.php(340): CFDIApi->__construct()\n#1 {main}"}
[2025-07-13 17:28:04] [INFO] [PID:33144] [MEM:2 MB] [api.php:7]  Sistema de logging inicializado
[2025-07-13 17:28:04] [ERROR] [PID:33144] [MEM:2 MB] [logger.php:115] PHP WARNING: Undefined array key "file" in C:\laragon\www\hmngy_bovedav2\php\logger.php:115
[2025-07-13 17:28:04] [ERROR] [PID:33144] [MEM:2 MB] [:] PHP UNKNOWN: basename(): Passing null to parameter #1 ($path) of type string is deprecated in C:\laragon\www\hmngy_bovedav2\php\logger.php:115
[2025-07-13 17:28:04] [ERROR] [PID:33144] [MEM:2 MB] [logger.php:115] PHP WARNING: Undefined array key "line" in C:\laragon\www\hmngy_bovedav2\php\logger.php:115
[2025-07-13 17:28:04] [CRITICAL] [PID:33144] [MEM:2 MB] [:] Excepci贸n no capturada: Call to undefined method Logger::getInstance() | Context: {"file":"C:\\laragon\\www\\hmngy_bovedav2\\php\\api.php","line":26,"trace":"#0 C:\\laragon\\www\\hmngy_bovedav2\\php\\api.php(340): CFDIApi->__construct()\n#1 {main}"}
[2025-07-13 17:28:05] [INFO] [PID:33144] [MEM:2 MB] [api.php:7]  Sistema de logging inicializado
[2025-07-13 17:28:05] [ERROR] [PID:33144] [MEM:2 MB] [logger.php:115] PHP WARNING: Undefined array key "file" in C:\laragon\www\hmngy_bovedav2\php\logger.php:115
[2025-07-13 17:28:05] [ERROR] [PID:33144] [MEM:2 MB] [:] PHP UNKNOWN: basename(): Passing null to parameter #1 ($path) of type string is deprecated in C:\laragon\www\hmngy_bovedav2\php\logger.php:115
[2025-07-13 17:28:05] [ERROR] [PID:33144] [MEM:2 MB] [logger.php:115] PHP WARNING: Undefined array key "line" in C:\laragon\www\hmngy_bovedav2\php\logger.php:115
[2025-07-13 17:28:05] [CRITICAL] [PID:33144] [MEM:2 MB] [:] Excepci贸n no capturada: Call to undefined method Logger::getInstance() | Context: {"file":"C:\\laragon\\www\\hmngy_bovedav2\\php\\api.php","line":26,"trace":"#0 C:\\laragon\\www\\hmngy_bovedav2\\php\\api.php(340): CFDIApi->__construct()\n#1 {main}"}
[2025-07-13 17:28:18] [INFO] [PID:33144] [MEM:2 MB] [api.php:7]  Sistema de logging inicializado
[2025-07-13 17:28:18] [ERROR] [PID:33144] [MEM:2 MB] [logger.php:115] PHP WARNING: Undefined array key "file" in C:\laragon\www\hmngy_bovedav2\php\logger.php:115
[2025-07-13 17:28:18] [ERROR] [PID:33144] [MEM:2 MB] [:] PHP UNKNOWN: basename(): Passing null to parameter #1 ($path) of type string is deprecated in C:\laragon\www\hmngy_bovedav2\php\logger.php:115
[2025-07-13 17:28:18] [ERROR] [PID:33144] [MEM:2 MB] [logger.php:115] PHP WARNING: Undefined array key "line" in C:\laragon\www\hmngy_bovedav2\php\logger.php:115
[2025-07-13 17:28:18] [CRITICAL] [PID:33144] [MEM:2 MB] [:] Excepci贸n no capturada: Call to undefined method Logger::getInstance() | Context: {"file":"C:\\laragon\\www\\hmngy_bovedav2\\php\\api.php","line":26,"trace":"#0 C:\\laragon\\www\\hmngy_bovedav2\\php\\api.php(340): CFDIApi->__construct()\n#1 {main}"}
[2025-07-13 17:33:06] [INFO] [PID:33144] [MEM:2 MB] [api.php:7]  Sistema de logging inicializado
[2025-07-13 17:33:06] [ERROR] [PID:33144] [MEM:2 MB] [logger.php:115] PHP WARNING: Undefined array key "file" in C:\laragon\www\hmngy_bovedav2\php\logger.php:115
[2025-07-13 17:33:06] [ERROR] [PID:33144] [MEM:2 MB] [:] PHP UNKNOWN: basename(): Passing null to parameter #1 ($path) of type string is deprecated in C:\laragon\www\hmngy_bovedav2\php\logger.php:115
[2025-07-13 17:33:06] [ERROR] [PID:33144] [MEM:2 MB] [logger.php:115] PHP WARNING: Undefined array key "line" in C:\laragon\www\hmngy_bovedav2\php\logger.php:115
[2025-07-13 17:33:06] [CRITICAL] [PID:33144] [MEM:2 MB] [:] Excepci贸n no capturada: Call to undefined method Logger::getInstance() | Context: {"file":"C:\\laragon\\www\\hmngy_bovedav2\\php\\api.php","line":26,"trace":"#0 C:\\laragon\\www\\hmngy_bovedav2\\php\\api.php(340): CFDIApi->__construct()\n#1 {main}"}
[2025-07-13 18:07:58] [INFO] [PID:33144] [MEM:4 MB] [ejemplo_uso.php:7]  Sistema de logging inicializado
