[2025-07-13 04:32:32] [INFO] [PID:33144] [MEM:2 MB] [ejemplo_uso.php:31] 🚀 Iniciando proceso: Descarga masiva CFDIs | Context: {"fechaInicial":"2025\/01\/01","fechaFinal":"2025\/01\/31","rfc":"GAF220603TC4","tipoComprobante":null}
[2025-07-13 04:36:49] [INFO] [PID:33144] [MEM:2 MB] [ejemplo_uso.php:31] 🚀 Iniciando proceso: Descarga masiva CFDIs | Context: {"fechaInicial":"2025\/01\/01","fechaFinal":"2025\/01\/31","rfc":"GAF220603TC4","tipoComprobante":null}
[2025-07-13 04:37:41] [INFO] [PID:33144] [MEM:2 MB] [ejemplo_uso.php:31] 🚀 Iniciando proceso: Descarga masiva CFDIs | Context: {"fechaInicial":"2025\/01\/01","fechaFinal":"2025\/01\/31","rfc":"GAF220603TC4","tipoComprobante":null}
[2025-07-13 04:39:20] [INFO] [PID:33144] [MEM:160 MB] [ejemplo_uso.php:71] ✅ Proceso completado: Descarga masiva CFDIs (Duración: 98.94s) | Context: {"insertados":27765,"actualizados":0,"errores":26}
[2025-07-13 04:39:20] [INFO] [PID:33144] [MEM:160 MB] [ejemplo_uso.php:72] 📊 Estadísticas: {"total_registros":27765,"total_emisores":1,"total_receptores":6180,"fecha_mas_antigua":null,"fecha_mas_reciente":null,"suma_total":"530181284.01","promedio_total":"19095.310067"}
[2025-07-13 04:49:50] [INFO] [PID:33144] [MEM:80 MB] [ejemplo_uso.php:31] 🚀 Iniciando proceso: Descarga masiva CFDIs | Context: {"fechaInicial":"2025\/01\/01","fechaFinal":"2025\/01\/31","rfc":"GAF220603TC4","tipoComprobante":null}
[2025-07-13 04:51:24] [INFO] [PID:33144] [MEM:160 MB] [ejemplo_uso.php:71] ✅ Proceso completado: Descarga masiva CFDIs (Duración: 94s) | Context: {"insertados":27769,"actualizados":0,"errores":22}
[2025-07-13 04:51:24] [INFO] [PID:33144] [MEM:160 MB] [ejemplo_uso.php:72] 📊 Estadísticas: {"total_registros":27769,"total_emisores":1,"total_receptores":6180,"fecha_mas_antigua":null,"fecha_mas_reciente":null,"suma_total":"530338779.92","promedio_total":"19098.231118"}
[2025-07-13 04:57:30] [INFO] [PID:33144] [MEM:120 MB] [ejemplo_uso.php:31] 🚀 Iniciando proceso: Descarga masiva CFDIs | Context: {"fechaInicial":"2025\/01\/01","fechaFinal":"2025\/01\/31","rfc":"GAF220603TC4","tipoComprobante":null}
[2025-07-13 04:59:03] [INFO] [PID:33144] [MEM:160 MB] [ejemplo_uso.php:71] ✅ Proceso completado: Descarga masiva CFDIs (Duración: 92.32s) | Context: {"insertados":27769,"actualizados":0,"errores":22}
[2025-07-13 04:59:03] [INFO] [PID:33144] [MEM:160 MB] [ejemplo_uso.php:72] 📊 Estadísticas: {"total_registros":27769,"total_emisores":1,"total_receptores":6180,"fecha_mas_antigua":null,"fecha_mas_reciente":null,"suma_total":"530338779.92","promedio_total":"19098.231118"}
[2025-07-13 05:06:15] [INFO] [PID:33144] [MEM:140 MB] [ejemplo_uso.php:31] 🚀 Iniciando proceso: Descarga masiva CFDIs | Context: {"fechaInicial":"2025\/01\/01","fechaFinal":"2025\/01\/31","rfc":"GAF220603TC4","tipoComprobante":null}
[2025-07-13 05:07:53] [INFO] [PID:33144] [MEM:160 MB] [ejemplo_uso.php:71] ✅ Proceso completado: Descarga masiva CFDIs (Duración: 97.63s) | Context: {"insertados":27769,"actualizados":0,"errores":22}
[2025-07-13 05:07:53] [INFO] [PID:33144] [MEM:160 MB] [ejemplo_uso.php:72] 📊 Estadísticas: {"total_registros":27769,"total_emisores":1,"total_receptores":6180,"fecha_mas_antigua":null,"fecha_mas_reciente":null,"suma_total":"530338779.92","promedio_total":"19098.231118"}
[2025-07-13 05:15:40] [INFO] [PID:33144] [MEM:150 MB] [ejemplo_uso.php:31] 🚀 Iniciando proceso: Descarga masiva CFDIs | Context: {"fechaInicial":"2025\/01\/01","fechaFinal":"2025\/01\/31","rfc":"GAF220603TC4","tipoComprobante":null}
[2025-07-13 05:17:29] [INFO] [PID:33144] [MEM:160 MB] [ejemplo_uso.php:71] ✅ Proceso completado: Descarga masiva CFDIs (Duración: 108.88s) | Context: {"insertados":27769,"actualizados":0,"errores":22}
[2025-07-13 05:17:29] [INFO] [PID:33144] [MEM:160 MB] [ejemplo_uso.php:72] 📊 Estadísticas: {"total_registros":27769,"total_emisores":1,"total_receptores":6180,"fecha_mas_antigua":null,"fecha_mas_reciente":null,"suma_total":"530338779.92","promedio_total":"19098.231118"}
[2025-07-13 05:26:58] [INFO] [PID:33144] [MEM:154 MB] [ejemplo_uso.php:31] 🚀 Iniciando proceso: Descarga masiva CFDIs | Context: {"fechaInicial":"2025\/01\/01","fechaFinal":"2025\/01\/31","rfc":"GAF220603TC4","tipoComprobante":null}
[2025-07-13 05:28:44] [INFO] [PID:33144] [MEM:160 MB] [ejemplo_uso.php:71] ✅ Proceso completado: Descarga masiva CFDIs (Duración: 105.82s) | Context: {"insertados":27769,"actualizados":0,"errores":22}
[2025-07-13 05:28:44] [INFO] [PID:33144] [MEM:160 MB] [ejemplo_uso.php:72] 📊 Estadísticas: {"total_registros":27769,"total_emisores":1,"total_receptores":6180,"fecha_mas_antigua":null,"fecha_mas_reciente":null,"suma_total":"530338779.92","promedio_total":"19098.231118"}
[2025-07-13 05:31:46] [INFO] [PID:33144] [MEM:156 MB] [ejemplo_uso.php:31] 🚀 Iniciando proceso: Descarga masiva CFDIs | Context: {"fechaInicial":"2025\/01\/01","fechaFinal":"2025\/01\/31","rfc":"GAF220603TC4","tipoComprobante":null}
[2025-07-13 05:33:27] [INFO] [PID:33144] [MEM:160 MB] [ejemplo_uso.php:71] ✅ Proceso completado: Descarga masiva CFDIs (Duración: 101.16s) | Context: {"insertados":27769,"actualizados":0,"errores":22}
[2025-07-13 05:33:27] [INFO] [PID:33144] [MEM:160 MB] [ejemplo_uso.php:72] 📊 Estadísticas: {"total_registros":27769,"total_emisores":1,"total_receptores":6180,"fecha_mas_antigua":null,"fecha_mas_reciente":null,"suma_total":"530338779.92","promedio_total":"19098.231118"}
[2025-07-13 05:40:54] [INFO] [PID:33144] [MEM:158 MB] [ejemplo_uso.php:31] 🚀 Iniciando proceso: Descarga masiva CFDIs | Context: {"fechaInicial":"2025\/01\/01","fechaFinal":"2025\/01\/31","rfc":"GAF220603TC4","tipoComprobante":null}
[2025-07-13 05:42:38] [INFO] [PID:33144] [MEM:160 MB] [ejemplo_uso.php:71] ✅ Proceso completado: Descarga masiva CFDIs (Duración: 104.11s) | Context: {"insertados":27769,"actualizados":0,"errores":22}
[2025-07-13 05:42:38] [INFO] [PID:33144] [MEM:160 MB] [ejemplo_uso.php:72] 📊 Estadísticas: {"total_registros":27769,"total_emisores":1,"total_receptores":6180,"fecha_mas_antigua":null,"fecha_mas_reciente":null,"suma_total":"530338779.92","promedio_total":"19098.231118"}
[2025-07-13 15:02:23] [INFO] [PID:33144] [MEM:2 MB] [ejemplo_uso.php:31] 🚀 Iniciando proceso: Descarga masiva CFDIs | Context: {"fechaInicial":"2025\/01\/01","fechaFinal":"2025\/01\/31","rfc":"GAF220603TC4","tipoComprobante":null}
[2025-07-13 15:03:24] [INFO] [PID:33144] [MEM:160 MB] [ejemplo_uso.php:71] ✅ Proceso completado: Descarga masiva CFDIs (Duración: 60.58s) | Context: {"insertados":0,"actualizados":0,"errores":27791}
[2025-07-13 15:03:24] [INFO] [PID:33144] [MEM:160 MB] [ejemplo_uso.php:72] 📊 Estadísticas: {"total_registros":27769,"total_emisores":1,"total_receptores":6180,"fecha_mas_antigua":null,"fecha_mas_reciente":null,"suma_total":"530338779.92","promedio_total":"19098.231118"}
[2025-07-13 15:19:40] [INFO] [PID:33144] [MEM:80 MB] [ejemplo_uso.php:31] 🚀 Iniciando proceso: Descarga masiva CFDIs | Context: {"fechaInicial":"2025\/01\/01","fechaFinal":"2025\/01\/31","rfc":"GAF220603TC4","tipoComprobante":null}
[2025-07-13 15:20:14] [ERROR] [PID:33144] [MEM:160 MB] [:] PHP UNKNOWN: number_format(): Passing null to parameter #1 ($num) of type float is deprecated in C:\laragon\www\hmngy_bovedav2\php\ejemplo_uso.php:67
[2025-07-13 15:20:14] [ERROR] [PID:33144] [MEM:160 MB] [:] PHP UNKNOWN: number_format(): Passing null to parameter #1 ($num) of type float is deprecated in C:\laragon\www\hmngy_bovedav2\php\ejemplo_uso.php:68
[2025-07-13 15:20:14] [INFO] [PID:33144] [MEM:160 MB] [ejemplo_uso.php:71] ✅ Proceso completado: Descarga masiva CFDIs (Duración: 34.02s) | Context: {"insertados":0,"actualizados":0,"errores":27791}
[2025-07-13 15:20:14] [INFO] [PID:33144] [MEM:160 MB] [ejemplo_uso.php:72] 📊 Estadísticas: {"total_registros":0,"total_emisores":0,"total_receptores":0,"fecha_mas_antigua":null,"fecha_mas_reciente":null,"suma_total":null,"promedio_total":null}
[2025-07-13 15:23:17] [INFO] [PID:33144] [MEM:120 MB] [ejemplo_uso.php:31] 🚀 Iniciando proceso: Descarga masiva CFDIs | Context: {"fechaInicial":"2025\/01\/01","fechaFinal":"2025\/01\/31","rfc":"GAF220603TC4","tipoComprobante":null}
[2025-07-13 15:23:55] [ERROR] [PID:33144] [MEM:160 MB] [:] PHP UNKNOWN: number_format(): Passing null to parameter #1 ($num) of type float is deprecated in C:\laragon\www\hmngy_bovedav2\php\ejemplo_uso.php:67
[2025-07-13 15:23:55] [ERROR] [PID:33144] [MEM:160 MB] [:] PHP UNKNOWN: number_format(): Passing null to parameter #1 ($num) of type float is deprecated in C:\laragon\www\hmngy_bovedav2\php\ejemplo_uso.php:68
[2025-07-13 15:23:55] [INFO] [PID:33144] [MEM:160 MB] [ejemplo_uso.php:71] ✅ Proceso completado: Descarga masiva CFDIs (Duración: 37.69s) | Context: {"insertados":0,"actualizados":0,"errores":27791}
[2025-07-13 15:23:55] [INFO] [PID:33144] [MEM:160 MB] [ejemplo_uso.php:72] 📊 Estadísticas: {"total_registros":0,"total_emisores":0,"total_receptores":0,"fecha_mas_antigua":null,"fecha_mas_reciente":null,"suma_total":null,"promedio_total":null}
[2025-07-13 15:25:34] [INFO] [PID:33144] [MEM:140 MB] [ejemplo_uso.php:31] 🚀 Iniciando proceso: Descarga masiva CFDIs | Context: {"fechaInicial":"2025\/01\/01","fechaFinal":"2025\/01\/02","rfc":"GAF220603TC4","tipoComprobante":null}
[2025-07-13 15:25:43] [ERROR] [PID:33144] [MEM:140 MB] [:] PHP UNKNOWN: number_format(): Passing null to parameter #1 ($num) of type float is deprecated in C:\laragon\www\hmngy_bovedav2\php\ejemplo_uso.php:67
[2025-07-13 15:25:43] [ERROR] [PID:33144] [MEM:140 MB] [:] PHP UNKNOWN: number_format(): Passing null to parameter #1 ($num) of type float is deprecated in C:\laragon\www\hmngy_bovedav2\php\ejemplo_uso.php:68
[2025-07-13 15:25:43] [INFO] [PID:33144] [MEM:140 MB] [ejemplo_uso.php:71] ✅ Proceso completado: Descarga masiva CFDIs (Duración: 9.5s) | Context: {"insertados":0,"actualizados":0,"errores":978}
[2025-07-13 15:25:43] [INFO] [PID:33144] [MEM:140 MB] [ejemplo_uso.php:72] 📊 Estadísticas: {"total_registros":0,"total_emisores":0,"total_receptores":0,"fecha_mas_antigua":null,"fecha_mas_reciente":null,"suma_total":null,"promedio_total":null}
[2025-07-13 15:29:04] [INFO] [PID:33144] [MEM:74 MB] [ejemplo_uso.php:31] 🚀 Iniciando proceso: Descarga masiva CFDIs | Context: {"fechaInicial":"2025\/01\/01","fechaFinal":"2025\/01\/02","rfc":"GAF220603TC4","tipoComprobante":null}
[2025-07-13 15:29:10] [ERROR] [PID:33144] [MEM:74 MB] [:] PHP UNKNOWN: number_format(): Passing null to parameter #1 ($num) of type float is deprecated in C:\laragon\www\hmngy_bovedav2\php\ejemplo_uso.php:67
[2025-07-13 15:29:10] [ERROR] [PID:33144] [MEM:74 MB] [:] PHP UNKNOWN: number_format(): Passing null to parameter #1 ($num) of type float is deprecated in C:\laragon\www\hmngy_bovedav2\php\ejemplo_uso.php:68
[2025-07-13 15:29:10] [INFO] [PID:33144] [MEM:74 MB] [ejemplo_uso.php:71] ✅ Proceso completado: Descarga masiva CFDIs (Duración: 5.36s) | Context: {"insertados":0,"actualizados":0,"errores":978}
[2025-07-13 15:29:10] [INFO] [PID:33144] [MEM:74 MB] [ejemplo_uso.php:72] 📊 Estadísticas: {"total_registros":0,"total_emisores":0,"total_receptores":0,"fecha_mas_antigua":null,"fecha_mas_reciente":null,"suma_total":null,"promedio_total":null}
[2025-07-13 15:30:10] [INFO] [PID:33144] [MEM:2 MB] [ejemplo_uso.php:31] 🚀 Iniciando proceso: Descarga masiva CFDIs | Context: {"fechaInicial":"2025\/01\/01","fechaFinal":"2025\/01\/02","rfc":"GAF220603TC4","tipoComprobante":null}
[2025-07-13 15:30:15] [ERROR] [PID:33144] [MEM:10 MB] [:] PHP UNKNOWN: number_format(): Passing null to parameter #1 ($num) of type float is deprecated in C:\laragon\www\hmngy_bovedav2\php\ejemplo_uso.php:67
[2025-07-13 15:30:15] [ERROR] [PID:33144] [MEM:10 MB] [:] PHP UNKNOWN: number_format(): Passing null to parameter #1 ($num) of type float is deprecated in C:\laragon\www\hmngy_bovedav2\php\ejemplo_uso.php:68
[2025-07-13 15:30:15] [INFO] [PID:33144] [MEM:10 MB] [ejemplo_uso.php:71] ✅ Proceso completado: Descarga masiva CFDIs (Duración: 5.28s) | Context: {"insertados":0,"actualizados":0,"errores":978}
[2025-07-13 15:30:15] [INFO] [PID:33144] [MEM:10 MB] [ejemplo_uso.php:72] 📊 Estadísticas: {"total_registros":0,"total_emisores":0,"total_receptores":0,"fecha_mas_antigua":null,"fecha_mas_reciente":null,"suma_total":null,"promedio_total":null}
[2025-07-13 15:32:28] [INFO] [PID:33144] [MEM:42 MB] [ejemplo_uso.php:31] 🚀 Iniciando proceso: Descarga masiva CFDIs | Context: {"fechaInicial":"2025\/01\/01","fechaFinal":"2025\/01\/02","rfc":"GAF220603TC4","tipoComprobante":null}
[2025-07-13 15:32:34] [ERROR] [PID:33144] [MEM:42 MB] [:] PHP UNKNOWN: number_format(): Passing null to parameter #1 ($num) of type float is deprecated in C:\laragon\www\hmngy_bovedav2\php\ejemplo_uso.php:67
[2025-07-13 15:32:34] [ERROR] [PID:33144] [MEM:42 MB] [:] PHP UNKNOWN: number_format(): Passing null to parameter #1 ($num) of type float is deprecated in C:\laragon\www\hmngy_bovedav2\php\ejemplo_uso.php:68
[2025-07-13 15:32:34] [INFO] [PID:33144] [MEM:42 MB] [ejemplo_uso.php:71] ✅ Proceso completado: Descarga masiva CFDIs (Duración: 5.79s) | Context: {"insertados":0,"actualizados":0,"errores":978}
[2025-07-13 15:32:34] [INFO] [PID:33144] [MEM:42 MB] [ejemplo_uso.php:72] 📊 Estadísticas: {"total_registros":0,"total_emisores":0,"total_receptores":0,"fecha_mas_antigua":null,"fecha_mas_reciente":null,"suma_total":null,"promedio_total":null}
[2025-07-13 15:36:11] [INFO] [PID:33144] [MEM:6 MB] [ejemplo_uso.php:31] 🚀 Iniciando proceso: Descarga masiva CFDIs | Context: {"fechaInicial":"2025\/01\/01","fechaFinal":"2025\/01\/02","rfc":"GAF220603TC4","tipoComprobante":null}
[2025-07-13 15:36:17] [ERROR] [PID:33144] [MEM:10 MB] [:] PHP UNKNOWN: number_format(): Passing null to parameter #1 ($num) of type float is deprecated in C:\laragon\www\hmngy_bovedav2\php\ejemplo_uso.php:67
[2025-07-13 15:36:17] [ERROR] [PID:33144] [MEM:10 MB] [:] PHP UNKNOWN: number_format(): Passing null to parameter #1 ($num) of type float is deprecated in C:\laragon\www\hmngy_bovedav2\php\ejemplo_uso.php:68
[2025-07-13 15:36:17] [INFO] [PID:33144] [MEM:10 MB] [ejemplo_uso.php:71] ✅ Proceso completado: Descarga masiva CFDIs (Duración: 5.27s) | Context: {"insertados":0,"actualizados":0,"errores":978}
[2025-07-13 15:36:17] [INFO] [PID:33144] [MEM:10 MB] [ejemplo_uso.php:72] 📊 Estadísticas: {"total_registros":0,"total_emisores":0,"total_receptores":0,"fecha_mas_antigua":null,"fecha_mas_reciente":null,"suma_total":null,"promedio_total":null}
[2025-07-13 15:36:28] [INFO] [PID:33144] [MEM:26 MB] [ejemplo_uso.php:31] 🚀 Iniciando proceso: Descarga masiva CFDIs | Context: {"fechaInicial":"2025\/01\/01","fechaFinal":"2025\/01\/02","rfc":"GAF220603TC4","tipoComprobante":null}
[2025-07-13 15:36:34] [ERROR] [PID:33144] [MEM:26 MB] [:] PHP UNKNOWN: number_format(): Passing null to parameter #1 ($num) of type float is deprecated in C:\laragon\www\hmngy_bovedav2\php\ejemplo_uso.php:67
[2025-07-13 15:36:34] [ERROR] [PID:33144] [MEM:26 MB] [:] PHP UNKNOWN: number_format(): Passing null to parameter #1 ($num) of type float is deprecated in C:\laragon\www\hmngy_bovedav2\php\ejemplo_uso.php:68
[2025-07-13 15:36:34] [INFO] [PID:33144] [MEM:26 MB] [ejemplo_uso.php:71] ✅ Proceso completado: Descarga masiva CFDIs (Duración: 5.25s) | Context: {"insertados":0,"actualizados":0,"errores":978}
[2025-07-13 15:36:34] [INFO] [PID:33144] [MEM:26 MB] [ejemplo_uso.php:72] 📊 Estadísticas: {"total_registros":0,"total_emisores":0,"total_receptores":0,"fecha_mas_antigua":null,"fecha_mas_reciente":null,"suma_total":null,"promedio_total":null}
[2025-07-13 15:41:33] [INFO] [PID:33144] [MEM:8 MB] [ejemplo_uso.php:31] 🚀 Iniciando proceso: Descarga masiva CFDIs | Context: {"fechaInicial":"2025\/01\/01","fechaFinal":"2025\/01\/02","rfc":"GAF220603TC4","tipoComprobante":null}
[2025-07-13 15:41:42] [INFO] [PID:33144] [MEM:10 MB] [ejemplo_uso.php:71] ✅ Proceso completado: Descarga masiva CFDIs (Duración: 8.81s) | Context: {"insertados":977,"actualizados":0,"errores":1}
[2025-07-13 15:41:42] [INFO] [PID:33144] [MEM:10 MB] [ejemplo_uso.php:72] 📊 Estadísticas: {"total_registros":977,"total_emisores":1,"total_receptores":272,"fecha_mas_antigua":null,"fecha_mas_reciente":null,"suma_total":"18861476.34","promedio_total":"19305.502907"}
[2025-07-13 16:22:29] [INFO] [PID:33144] [MEM:18 MB] [ejemplo_uso.php:31] 🚀 Iniciando proceso: Descarga masiva CFDIs | Context: {"fechaInicial":"2025\/01\/01","fechaFinal":"2025\/01\/02","rfc":"GAF220603TC4","tipoComprobante":null}
[2025-07-13 16:22:41] [INFO] [PID:33144] [MEM:18 MB] [ejemplo_uso.php:71] ✅ Proceso completado: Descarga masiva CFDIs (Duración: 12.82s) | Context: {"insertados":977,"actualizados":0,"errores":1}
[2025-07-13 16:22:41] [INFO] [PID:33144] [MEM:18 MB] [ejemplo_uso.php:72] 📊 Estadísticas: {"total_registros":977,"total_emisores":1,"total_receptores":272,"fecha_mas_antigua":null,"fecha_mas_reciente":null,"suma_total":"18861476.34","promedio_total":"19305.502907"}
[2025-07-13 16:31:24] [INFO] [PID:33144] [MEM:8 MB] [ejemplo_uso.php:31] 🚀 Iniciando proceso: Descarga masiva CFDIs | Context: {"fechaInicial":"2025\/01\/01","fechaFinal":"2025\/01\/02","rfc":"GAF220603TC4","tipoComprobante":null}
[2025-07-13 16:31:32] [INFO] [PID:33144] [MEM:10 MB] [ejemplo_uso.php:71] ✅ Proceso completado: Descarga masiva CFDIs (Duración: 8.62s) | Context: {"insertados":977,"actualizados":0,"errores":1}
[2025-07-13 16:31:32] [INFO] [PID:33144] [MEM:10 MB] [ejemplo_uso.php:72] 📊 Estadísticas: {"total_registros":977,"total_emisores":1,"total_receptores":272,"fecha_mas_antigua":"2025-01-01 00:00:01","fecha_mas_reciente":"2025-01-02 23:48:11","suma_total":"18861476.34","promedio_total":"19305.502907"}
[2025-07-13 16:53:08] [INFO] [PID:33144] [MEM:14 MB] [ejemplo_uso.php:31] 🚀 Iniciando proceso: Descarga masiva CFDIs | Context: {"fechaInicial":"2025\/01\/01","fechaFinal":"2025\/01\/02","rfc":"GAF220603TC4","tipoComprobante":null}
[2025-07-13 16:53:19] [INFO] [PID:33144] [MEM:14 MB] [ejemplo_uso.php:71] ✅ Proceso completado: Descarga masiva CFDIs (Duración: 11.85s) | Context: {"insertados":0,"actualizados":977,"errores":1}
[2025-07-13 16:53:19] [INFO] [PID:33144] [MEM:14 MB] [ejemplo_uso.php:72] 📊 Estadísticas: {"total_registros":977,"total_emisores":1,"total_receptores":272,"fecha_mas_antigua":"2025-01-01 00:00:01","fecha_mas_reciente":"2025-01-02 23:48:11","suma_total":"18861476.34","promedio_total":"19305.502907"}
[2025-07-13 18:07:58] [INFO] [PID:33144] [MEM:4 MB] [ejemplo_uso.php:31] 🚀 Iniciando proceso: Descarga masiva CFDIs | Context: {"fechaInicial":"2025\/01\/01","fechaFinal":"2025\/01\/02","rfc":"GAF220603TC4","tipoComprobante":null}
[2025-07-13 18:08:07] [INFO] [PID:33144] [MEM:10 MB] [ejemplo_uso.php:71] ✅ Proceso completado: Descarga masiva CFDIs (Duración: 8.86s) | Context: {"insertados":977,"actualizados":0,"errores":1}
[2025-07-13 18:08:07] [INFO] [PID:33144] [MEM:10 MB] [ejemplo_uso.php:72] 📊 Estadísticas: {"total_registros":977,"total_emisores":1,"total_receptores":272,"fecha_mas_antigua":"2025-01-01 00:00:01","fecha_mas_reciente":"2025-01-02 23:48:11","suma_total":"18861476.34","promedio_total":"19305.502907"}
